{"/home/user/github/LimbusPlanner/frontend/src/App.tsx": {"path":"/home/user/github/LimbusPlanner/frontend/src/App.tsx","statementMap":{"0":{"start":{"line":4,"column":2},"end":{"line":17,"column":null}},"1":{"start":{"line":13,"column":31},"end":{"line":13,"column":57}}},"fnMap":{"0":{"name":"App","decl":{"start":{"line":3,"column":9},"end":{"line":3,"column":15}},"loc":{"start":{"line":3,"column":15},"end":{"line":19,"column":null}},"line":3},"1":{"name":"(anonymous_1)","decl":{"start":{"line":13,"column":25},"end":{"line":13,"column":31}},"loc":{"start":{"line":13,"column":31},"end":{"line":13,"column":57}},"line":13}},"branchMap":{},"s":{"0":0,"1":0},"f":{"0":0,"1":0},"b":{},"meta":{"lastBranch":0,"lastFunction":2,"lastStatement":2,"seen":{"f:3:9:3:15":0,"s:4:2:17:Infinity":0,"f:13:25:13:31":1,"s:13:31:13:57":1}}}
,"/home/user/github/LimbusPlanner/frontend/src/components/ui/button.tsx": {"path":"/home/user/github/LimbusPlanner/frontend/src/components/ui/button.tsx","statementMap":{"0":{"start":{"line":7,"column":6},"end":{"line":37,"column":null}},"1":{"start":{"line":49,"column":15},"end":{"line":49,"column":null}},"2":{"start":{"line":51,"column":2},"end":{"line":56,"column":null}}},"fnMap":{"0":{"name":"Button","decl":{"start":{"line":39,"column":9},"end":{"line":39,"column":16}},"loc":{"start":{"line":48,"column":5},"end":{"line":58,"column":null}},"line":48}},"branchMap":{"0":{"loc":{"start":{"line":43,"column":2},"end":{"line":43,"column":null}},"type":"default-arg","locations":[{"start":{"line":43,"column":12},"end":{"line":43,"column":null}}],"line":43},"1":{"loc":{"start":{"line":49,"column":15},"end":{"line":49,"column":null}},"type":"cond-expr","locations":[{"start":{"line":49,"column":25},"end":{"line":49,"column":32}},{"start":{"line":49,"column":32},"end":{"line":49,"column":null}}],"line":49}},"s":{"0":1,"1":5,"2":5},"f":{"0":5},"b":{"0":[5],"1":[5,0]},"meta":{"lastBranch":2,"lastFunction":1,"lastStatement":3,"seen":{"s:7:6:37:Infinity":0,"f:39:9:39:16":0,"b:43:12:43:Infinity":0,"s:49:15:49:Infinity":1,"b:49:25:49:32:49:32:49:Infinity":1,"s:51:2:56:Infinity":2}}}
,"/home/user/github/LimbusPlanner/frontend/src/hooks/useExampleQuery.ts": {"path":"/home/user/github/LimbusPlanner/frontend/src/hooks/useExampleQuery.ts","statementMap":{"0":{"start":{"line":10,"column":19},"end":{"line":10,"column":null}},"1":{"start":{"line":12,"column":2},"end":{"line":14,"column":null}},"2":{"start":{"line":13,"column":4},"end":{"line":13,"column":null}},"3":{"start":{"line":16,"column":2},"end":{"line":16,"column":null}},"4":{"start":{"line":20,"column":2},"end":{"line":23,"column":null}}},"fnMap":{"0":{"name":"fetchExampleData","decl":{"start":{"line":9,"column":15},"end":{"line":9,"column":56}},"loc":{"start":{"line":9,"column":56},"end":{"line":17,"column":null}},"line":9},"1":{"name":"useExampleQuery","decl":{"start":{"line":19,"column":16},"end":{"line":19,"column":34}},"loc":{"start":{"line":19,"column":34},"end":{"line":24,"column":null}},"line":19}},"branchMap":{"0":{"loc":{"start":{"line":12,"column":2},"end":{"line":14,"column":null}},"type":"if","locations":[{"start":{"line":12,"column":2},"end":{"line":14,"column":null}},{"start":{},"end":{}}],"line":12}},"s":{"0":4,"1":4,"2":0,"3":4,"4":5},"f":{"0":4,"1":5},"b":{"0":[0,4]},"meta":{"lastBranch":1,"lastFunction":2,"lastStatement":5,"seen":{"f:9:15:9:56":0,"s:10:19:10:Infinity":0,"b:12:2:14:Infinity:undefined:undefined:undefined:undefined":0,"s:12:2:14:Infinity":1,"s:13:4:13:Infinity":2,"s:16:2:16:Infinity":3,"f:19:16:19:34":1,"s:20:2:23:Infinity":4}}}
,"/home/user/github/LimbusPlanner/frontend/src/lib/queryClient.ts": {"path":"/home/user/github/LimbusPlanner/frontend/src/lib/queryClient.ts","statementMap":{"0":{"start":{"line":3,"column":27},"end":{"line":12,"column":null}}},"fnMap":{},"branchMap":{},"s":{"0":0},"f":{},"b":{},"meta":{"lastBranch":0,"lastFunction":0,"lastStatement":1,"seen":{"s:3:27:12:Infinity":0}}}
,"/home/user/github/LimbusPlanner/frontend/src/lib/router.tsx": {"path":"/home/user/github/LimbusPlanner/frontend/src/lib/router.tsx","statementMap":{"0":{"start":{"line":8,"column":6},"end":{"line":16,"column":null}},"1":{"start":{"line":10,"column":4},"end":{"line":14,"column":null}},"2":{"start":{"line":19,"column":6},"end":{"line":23,"column":null}},"3":{"start":{"line":20,"column":24},"end":{"line":20,"column":null}},"4":{"start":{"line":26,"column":6},"end":{"line":30,"column":null}},"5":{"start":{"line":27,"column":24},"end":{"line":27,"column":null}},"6":{"start":{"line":33,"column":18},"end":{"line":33,"column":null}},"7":{"start":{"line":36,"column":13},"end":{"line":36,"column":null}}},"fnMap":{"0":{"name":"(anonymous_0)","decl":{"start":{"line":9,"column":13},"end":{"line":9,"column":null}},"loc":{"start":{"line":10,"column":4},"end":{"line":14,"column":null}},"line":10},"1":{"name":"(anonymous_1)","decl":{"start":{"line":20,"column":18},"end":{"line":20,"column":24}},"loc":{"start":{"line":20,"column":24},"end":{"line":20,"column":null}},"line":20},"2":{"name":"(anonymous_2)","decl":{"start":{"line":27,"column":18},"end":{"line":27,"column":24}},"loc":{"start":{"line":27,"column":24},"end":{"line":27,"column":null}},"line":27}},"branchMap":{"0":{"loc":{"start":{"line":13,"column":7},"end":{"line":13,"column":null}},"type":"binary-expr","locations":[{"start":{"line":13,"column":7},"end":{"line":13,"column":30}},{"start":{"line":13,"column":30},"end":{"line":13,"column":null}}],"line":13}},"s":{"0":0,"1":0,"2":0,"3":0,"4":0,"5":0,"6":0,"7":0},"f":{"0":0,"1":0,"2":0},"b":{"0":[0,0]},"meta":{"lastBranch":1,"lastFunction":3,"lastStatement":8,"seen":{"s:8:6:16:Infinity":0,"f:9:13:9:Infinity":0,"s:10:4:14:Infinity":1,"b:13:7:13:30:13:30:13:Infinity":0,"s:19:6:23:Infinity":2,"f:20:18:20:24":1,"s:20:24:20:Infinity":3,"s:26:6:30:Infinity":4,"f:27:18:27:24":2,"s:27:24:27:Infinity":5,"s:33:18:33:Infinity":6,"s:36:13:36:Infinity":7}}}
,"/home/user/github/LimbusPlanner/frontend/src/lib/utils.ts": {"path":"/home/user/github/LimbusPlanner/frontend/src/lib/utils.ts","statementMap":{"0":{"start":{"line":5,"column":2},"end":{"line":5,"column":null}}},"fnMap":{"0":{"name":"cn","decl":{"start":{"line":4,"column":16},"end":{"line":4,"column":22}},"loc":{"start":{"line":4,"column":44},"end":{"line":6,"column":null}},"line":4}},"branchMap":{},"s":{"0":5},"f":{"0":5},"b":{},"meta":{"lastBranch":0,"lastFunction":1,"lastStatement":1,"seen":{"f:4:16:4:22":0,"s:5:2:5:Infinity":0}}}
,"/home/user/github/LimbusPlanner/frontend/src/routes/AboutPage.tsx": {"path":"/home/user/github/LimbusPlanner/frontend/src/routes/AboutPage.tsx","statementMap":{"0":{"start":{"line":6,"column":26},"end":{"line":6,"column":null}},"1":{"start":{"line":8,"column":2},"end":{"line":33,"column":null}}},"fnMap":{"0":{"name":"AboutPage","decl":{"start":{"line":5,"column":24},"end":{"line":5,"column":36}},"loc":{"start":{"line":5,"column":36},"end":{"line":35,"column":null}},"line":5}},"branchMap":{"0":{"loc":{"start":{"line":20,"column":11},"end":{"line":23,"column":null}},"type":"cond-expr","locations":[{"start":{"line":21,"column":12},"end":{"line":21,"column":null}},{"start":{"line":23,"column":12},"end":{"line":23,"column":null}}],"line":20}},"s":{"0":0,"1":0},"f":{"0":0},"b":{"0":[0,0]},"meta":{"lastBranch":1,"lastFunction":1,"lastStatement":2,"seen":{"f:5:24:5:36":0,"s:6:26:6:Infinity":0,"s:8:2:33:Infinity":1,"b:21:12:21:Infinity:23:12:23:Infinity":0}}}
,"/home/user/github/LimbusPlanner/frontend/src/routes/HomePage.tsx": {"path":"/home/user/github/LimbusPlanner/frontend/src/routes/HomePage.tsx","statementMap":{"0":{"start":{"line":6,"column":33},"end":{"line":6,"column":null}},"1":{"start":{"line":8,"column":2},"end":{"line":41,"column":null}}},"fnMap":{"0":{"name":"HomePage","decl":{"start":{"line":5,"column":24},"end":{"line":5,"column":35}},"loc":{"start":{"line":5,"column":35},"end":{"line":43,"column":null}},"line":5}},"branchMap":{"0":{"loc":{"start":{"line":21,"column":13},"end":{"line":21,"column":null}},"type":"binary-expr","locations":[{"start":{"line":21,"column":13},"end":{"line":21,"column":26}},{"start":{"line":21,"column":26},"end":{"line":21,"column":null}}],"line":21},"1":{"loc":{"start":{"line":22,"column":13},"end":{"line":22,"column":null}},"type":"binary-expr","locations":[{"start":{"line":22,"column":13},"end":{"line":22,"column":22}},{"start":{"line":22,"column":22},"end":{"line":22,"column":null}}],"line":22},"2":{"loc":{"start":{"line":23,"column":13},"end":{"line":29,"column":null}},"type":"binary-expr","locations":[{"start":{"line":23,"column":13},"end":{"line":23,"column":null}},{"start":{"line":24,"column":14},"end":{"line":29,"column":null}}],"line":23}},"s":{"0":5,"1":5},"f":{"0":5},"b":{"0":[5,4],"1":[5,0],"2":[5,1]},"meta":{"lastBranch":3,"lastFunction":1,"lastStatement":2,"seen":{"f:5:24:5:35":0,"s:6:33:6:Infinity":0,"s:8:2:41:Infinity":1,"b:21:13:21:26:21:26:21:Infinity":0,"b:22:13:22:22:22:22:22:Infinity":1,"b:23:13:23:Infinity:24:14:29:Infinity":2}}}
,"/home/user/github/LimbusPlanner/frontend/src/routes/__root.tsx": {"path":"/home/user/github/LimbusPlanner/frontend/src/routes/__root.tsx","statementMap":{"0":{"start":{"line":3,"column":13},"end":{"line":3,"column":null}}},"fnMap":{},"branchMap":{},"s":{"0":0},"f":{},"b":{},"meta":{"lastBranch":0,"lastFunction":0,"lastStatement":1,"seen":{"s:3:13:3:Infinity":0}}}
,"/home/user/github/LimbusPlanner/frontend/src/test-utils/queryClient.ts": {"path":"/home/user/github/LimbusPlanner/frontend/src/test-utils/queryClient.ts","statementMap":{"0":{"start":{"line":10,"column":2},"end":{"line":21,"column":null}}},"fnMap":{"0":{"name":"createTestQueryClient","decl":{"start":{"line":9,"column":16},"end":{"line":9,"column":40}},"loc":{"start":{"line":9,"column":40},"end":{"line":22,"column":null}},"line":9}},"branchMap":{},"s":{"0":4},"f":{"0":4},"b":{},"meta":{"lastBranch":0,"lastFunction":1,"lastStatement":1,"seen":{"f:9:16:9:40":0,"s:10:2:21:Infinity":0}}}
,"/home/user/github/LimbusPlanner/frontend/src/test-utils/renderWithProviders.tsx": {"path":"/home/user/github/LimbusPlanner/frontend/src/test-utils/renderWithProviders.tsx","statementMap":{"0":{"start":{"line":32,"column":26},"end":{"line":32,"column":null}},"1":{"start":{"line":33,"column":21},"end":{"line":33,"column":null}},"2":{"start":{"line":36,"column":4},"end":{"line":41,"column":null}},"3":{"start":{"line":45,"column":2},"end":{"line":49,"column":null}}},"fnMap":{"0":{"name":"renderWithProviders","decl":{"start":{"line":23,"column":16},"end":{"line":23,"column":null}},"loc":{"start":{"line":31,"column":2},"end":{"line":50,"column":null}},"line":31},"1":{"name":"Wrapper","decl":{"start":{"line":35,"column":11},"end":{"line":35,"column":19}},"loc":{"start":{"line":35,"column":58},"end":{"line":43,"column":null}},"line":35}},"branchMap":{"0":{"loc":{"start":{"line":25,"column":2},"end":{"line":30,"column":null}},"type":"default-arg","locations":[{"start":{"line":30,"column":34},"end":{"line":30,"column":null}}],"line":25},"1":{"loc":{"start":{"line":28,"column":4},"end":{"line":28,"column":null}},"type":"default-arg","locations":[{"start":{"line":28,"column":19},"end":{"line":28,"column":null}}],"line":28},"2":{"loc":{"start":{"line":32,"column":26},"end":{"line":32,"column":null}},"type":"binary-expr","locations":[{"start":{"line":32,"column":26},"end":{"line":32,"column":41}},{"start":{"line":32,"column":26},"end":{"line":32,"column":null}}],"line":32},"3":{"loc":{"start":{"line":33,"column":21},"end":{"line":33,"column":null}},"type":"binary-expr","locations":[{"start":{"line":33,"column":21},"end":{"line":33,"column":31}},{"start":{"line":33,"column":21},"end":{"line":33,"column":null}}],"line":33}},"s":{"0":0,"1":0,"2":0,"3":0},"f":{"0":0,"1":0},"b":{"0":[0],"1":[0],"2":[0,0],"3":[0,0]},"meta":{"lastBranch":4,"lastFunction":2,"lastStatement":4,"seen":{"f:23:16:23:Infinity":0,"b:30:34:30:Infinity":0,"b:28:19:28:Infinity":1,"s:32:26:32:Infinity":0,"b:32:26:32:41:32:26:32:Infinity":2,"s:33:21:33:Infinity":1,"b:33:21:33:31:33:21:33:Infinity":3,"f:35:11:35:19":1,"s:36:4:41:Infinity":2,"s:45:2:49:Infinity":3}}}
,"/home/user/github/LimbusPlanner/frontend/src/test-utils/router.tsx": {"path":"/home/user/github/LimbusPlanner/frontend/src/test-utils/router.tsx","statementMap":{"0":{"start":{"line":23,"column":8},"end":{"line":25,"column":null}},"1":{"start":{"line":24,"column":35},"end":{"line":24,"column":null}},"2":{"start":{"line":27,"column":8},"end":{"line":31,"column":null}},"3":{"start":{"line":28,"column":26},"end":{"line":28,"column":null}},"4":{"start":{"line":30,"column":35},"end":{"line":30,"column":null}},"5":{"start":{"line":33,"column":20},"end":{"line":33,"column":null}},"6":{"start":{"line":35,"column":2},"end":{"line":41,"column":null}}},"fnMap":{"0":{"name":"createTestRouter","decl":{"start":{"line":19,"column":16},"end":{"line":19,"column":33}},"loc":{"start":{"line":22,"column":33},"end":{"line":42,"column":null}},"line":22},"1":{"name":"(anonymous_1)","decl":{"start":{"line":24,"column":29},"end":{"line":24,"column":35}},"loc":{"start":{"line":24,"column":35},"end":{"line":24,"column":null}},"line":24},"2":{"name":"(anonymous_2)","decl":{"start":{"line":28,"column":20},"end":{"line":28,"column":26}},"loc":{"start":{"line":28,"column":26},"end":{"line":28,"column":null}},"line":28},"3":{"name":"(anonymous_3)","decl":{"start":{"line":30,"column":29},"end":{"line":30,"column":35}},"loc":{"start":{"line":30,"column":35},"end":{"line":30,"column":null}},"line":30}},"branchMap":{"0":{"loc":{"start":{"line":19,"column":33},"end":{"line":22,"column":33}},"type":"default-arg","locations":[{"start":{"line":22,"column":29},"end":{"line":22,"column":33}}],"line":19},"1":{"loc":{"start":{"line":20,"column":2},"end":{"line":20,"column":null}},"type":"default-arg","locations":[{"start":{"line":20,"column":19},"end":{"line":20,"column":null}}],"line":20},"2":{"loc":{"start":{"line":24,"column":15},"end":{"line":24,"column":null}},"type":"binary-expr","locations":[{"start":{"line":24,"column":15},"end":{"line":24,"column":29}},{"start":{"line":24,"column":29},"end":{"line":24,"column":null}}],"line":24},"3":{"loc":{"start":{"line":30,"column":15},"end":{"line":30,"column":null}},"type":"binary-expr","locations":[{"start":{"line":30,"column":15},"end":{"line":30,"column":29}},{"start":{"line":30,"column":29},"end":{"line":30,"column":null}}],"line":30}},"s":{"0":0,"1":0,"2":0,"3":0,"4":0,"5":0,"6":0},"f":{"0":0,"1":0,"2":0,"3":0},"b":{"0":[0],"1":[0],"2":[0,0],"3":[0,0]},"meta":{"lastBranch":4,"lastFunction":4,"lastStatement":7,"seen":{"f:19:16:19:33":0,"b:22:29:22:33":0,"b:20:19:20:Infinity":1,"s:23:8:25:Infinity":0,"b:24:15:24:29:24:29:24:Infinity":2,"f:24:29:24:35":1,"s:24:35:24:Infinity":1,"s:27:8:31:Infinity":2,"f:28:20:28:26":2,"s:28:26:28:Infinity":3,"b:30:15:30:29:30:29:30:Infinity":3,"f:30:29:30:35":3,"s:30:35:30:Infinity":4,"s:33:20:33:Infinity":5,"s:35:2:41:Infinity":6}}}
}
